D:\Work\adm\adminka\adminka\Client\dist\out-tsc\e2e\src\app.po.js
D:\Work\adm\adminka\adminka\Client\dist\out-tsc\e2e\src\app.po.js.map
D:\Work\adm\adminka\adminka\Client\dist\out-tsc\e2e\src\app.e2e-spec.js
D:\Work\adm\adminka\adminka\Client\dist\out-tsc\e2e\src\app.e2e-spec.js.map
D:\Work\adm\adminka\adminka\Client\dist\out-tsc\src\app\users\models\userForm.model.js
D:\Work\adm\adminka\adminka\Client\dist\out-tsc\src\app\users\models\userForm.model.js.map
D:\Work\adm\adminka\adminka\Client\dist\out-tsc\src\app\roles\models\role.model.js
D:\Work\adm\adminka\adminka\Client\dist\out-tsc\src\app\roles\models\role.model.js.map
D:\Work\adm\adminka\adminka\Client\dist\out-tsc\src\app\users\utils.js
D:\Work\adm\adminka\adminka\Client\dist\out-tsc\src\app\users\utils.js.map
D:\Work\adm\adminka\adminka\Client\dist\out-tsc\src\app\utils.js
D:\Work\adm\adminka\adminka\Client\dist\out-tsc\src\app\utils.js.map
D:\Work\adm\adminka\adminka\Client\dist\out-tsc\src\app\users\models\user.model.js
D:\Work\adm\adminka\adminka\Client\dist\out-tsc\src\app\users\models\user.model.js.map
D:\Work\adm\adminka\adminka\Client\dist\out-tsc\src\app\users\services\user.service.js
D:\Work\adm\adminka\adminka\Client\dist\out-tsc\src\app\users\services\user.service.js.map
D:\Work\adm\adminka\adminka\Client\dist\out-tsc\src\app\users\components\user-edit\user-edit-smart.component.js
D:\Work\adm\adminka\adminka\Client\dist\out-tsc\src\app\users\components\user-edit\user-edit-smart.component.js.map
D:\Work\adm\adminka\adminka\Client\dist\out-tsc\src\app\users\components\list-users\list-users-smart.component.js
D:\Work\adm\adminka\adminka\Client\dist\out-tsc\src\app\users\components\list-users\list-users-smart.component.js.map
D:\Work\adm\adminka\adminka\Client\dist\out-tsc\src\app\users\services\users.resolver.js
D:\Work\adm\adminka\adminka\Client\dist\out-tsc\src\app\users\services\users.resolver.js.map
D:\Work\adm\adminka\adminka\Client\dist\out-tsc\src\app\roles\models\role-form.model.js
D:\Work\adm\adminka\adminka\Client\dist\out-tsc\src\app\roles\models\role-form.model.js.map
D:\Work\adm\adminka\adminka\Client\dist\out-tsc\src\app\roles\services\role.service.js
D:\Work\adm\adminka\adminka\Client\dist\out-tsc\src\app\roles\services\role.service.js.map
D:\Work\adm\adminka\adminka\Client\dist\out-tsc\src\app\roles\services\roles.resolver.js
D:\Work\adm\adminka\adminka\Client\dist\out-tsc\src\app\roles\services\roles.resolver.js.map
D:\Work\adm\adminka\adminka\Client\dist\out-tsc\src\app\users\services\user.resolver.js
D:\Work\adm\adminka\adminka\Client\dist\out-tsc\src\app\users\services\user.resolver.js.map
D:\Work\adm\adminka\adminka\Client\dist\out-tsc\src\app\users\users-routing.module.js
D:\Work\adm\adminka\adminka\Client\dist\out-tsc\src\app\users\users-routing.module.js.map
D:\Work\adm\adminka\adminka\Client\dist\out-tsc\src\app\users\components\list-users\list-users-dumb.component.js
D:\Work\adm\adminka\adminka\Client\dist\out-tsc\src\app\users\components\list-users\list-users-dumb.component.js.map
D:\Work\adm\adminka\adminka\Client\dist\out-tsc\src\app\users\components\user\user-smart.component.js
D:\Work\adm\adminka\adminka\Client\dist\out-tsc\src\app\users\components\user\user-smart.component.js.map
D:\Work\adm\adminka\adminka\Client\dist\out-tsc\src\app\users\components\user\user-dumb.component.js
D:\Work\adm\adminka\adminka\Client\dist\out-tsc\src\app\users\components\user\user-dumb.component.js.map
D:\Work\adm\adminka\adminka\Client\dist\out-tsc\src\app\users\components\user-edit\user-edit-dumb.component.js
D:\Work\adm\adminka\adminka\Client\dist\out-tsc\src\app\users\components\user-edit\user-edit-dumb.component.js.map
D:\Work\adm\adminka\adminka\Client\dist\out-tsc\src\app\users\users.module.js
D:\Work\adm\adminka\adminka\Client\dist\out-tsc\src\app\users\users.module.js.map
D:\Work\adm\adminka\adminka\Client\dist\out-tsc\src\app\roles\components\list-roles\list-roles-smart.component.js
D:\Work\adm\adminka\adminka\Client\dist\out-tsc\src\app\roles\components\list-roles\list-roles-smart.component.js.map
D:\Work\adm\adminka\adminka\Client\dist\out-tsc\src\app\roles\components\role-edit\role-edit-smart.component.js
D:\Work\adm\adminka\adminka\Client\dist\out-tsc\src\app\roles\components\role-edit\role-edit-smart.component.js.map
D:\Work\adm\adminka\adminka\Client\dist\out-tsc\src\app\roles\services\role.resolver.js
D:\Work\adm\adminka\adminka\Client\dist\out-tsc\src\app\roles\services\role.resolver.js.map
D:\Work\adm\adminka\adminka\Client\dist\out-tsc\src\app\roles\roles-routing.module.js
D:\Work\adm\adminka\adminka\Client\dist\out-tsc\src\app\roles\roles-routing.module.js.map
D:\Work\adm\adminka\adminka\Client\dist\out-tsc\src\app\roles\components\list-roles\list-roles-dumb.component.js
D:\Work\adm\adminka\adminka\Client\dist\out-tsc\src\app\roles\components\list-roles\list-roles-dumb.component.js.map
D:\Work\adm\adminka\adminka\Client\dist\out-tsc\src\app\roles\components\role\role-smart.component.js
D:\Work\adm\adminka\adminka\Client\dist\out-tsc\src\app\roles\components\role\role-smart.component.js.map
D:\Work\adm\adminka\adminka\Client\dist\out-tsc\src\app\roles\components\role\role-dumb.component.js
D:\Work\adm\adminka\adminka\Client\dist\out-tsc\src\app\roles\components\role\role-dumb.component.js.map
D:\Work\adm\adminka\adminka\Client\dist\out-tsc\src\app\roles\components\role-edit\role-edit-dumb.component.js
D:\Work\adm\adminka\adminka\Client\dist\out-tsc\src\app\roles\components\role-edit\role-edit-dumb.component.js.map
D:\Work\adm\adminka\adminka\Client\dist\out-tsc\src\app\roles\roles.module.js
D:\Work\adm\adminka\adminka\Client\dist\out-tsc\src\app\roles\roles.module.js.map
D:\Work\adm\adminka\adminka\Client\dist\out-tsc\src\app\app-routing.module.js
D:\Work\adm\adminka\adminka\Client\dist\out-tsc\src\app\app-routing.module.js.map
D:\Work\adm\adminka\adminka\Client\dist\out-tsc\src\app\layer\spinner\services\spinner.service.js
D:\Work\adm\adminka\adminka\Client\dist\out-tsc\src\app\layer\spinner\services\spinner.service.js.map
D:\Work\adm\adminka\adminka\Client\dist\out-tsc\src\app\app.component.js
D:\Work\adm\adminka\adminka\Client\dist\out-tsc\src\app\app.component.js.map
D:\Work\adm\adminka\adminka\Client\dist\out-tsc\src\app\layer\spinner\components\spinner.component.js
D:\Work\adm\adminka\adminka\Client\dist\out-tsc\src\app\layer\spinner\components\spinner.component.js.map
D:\Work\adm\adminka\adminka\Client\dist\out-tsc\src\app\core\http.interceptor.js
D:\Work\adm\adminka\adminka\Client\dist\out-tsc\src\app\core\http.interceptor.js.map
D:\Work\adm\adminka\adminka\Client\dist\out-tsc\src\app\core\core.module.js
D:\Work\adm\adminka\adminka\Client\dist\out-tsc\src\app\core\core.module.js.map
D:\Work\adm\adminka\adminka\Client\dist\out-tsc\src\app\app.module.js
D:\Work\adm\adminka\adminka\Client\dist\out-tsc\src\app\app.module.js.map
D:\Work\adm\adminka\adminka\Client\dist\out-tsc\src\environments\environment.js
D:\Work\adm\adminka\adminka\Client\dist\out-tsc\src\environments\environment.js.map
D:\Work\adm\adminka\adminka\Client\dist\out-tsc\src\main.js
D:\Work\adm\adminka\adminka\Client\dist\out-tsc\src\main.js.map
D:\Work\adm\adminka\adminka\Client\dist\out-tsc\src\polyfills.js
D:\Work\adm\adminka\adminka\Client\dist\out-tsc\src\polyfills.js.map
D:\Work\adm\adminka\adminka\Client\dist\out-tsc\src\test.js
D:\Work\adm\adminka\adminka\Client\dist\out-tsc\src\test.js.map
D:\Work\adm\adminka\adminka\Client\dist\out-tsc\src\app\app.component.spec.js
D:\Work\adm\adminka\adminka\Client\dist\out-tsc\src\app\app.component.spec.js.map
D:\Work\adm\adminka\adminka\Client\dist\out-tsc\src\environments\environment.prod.js
D:\Work\adm\adminka\adminka\Client\dist\out-tsc\src\environments\environment.prod.js.map
